[debug] [2022-04-26T17:44:28.798Z] ----------------------------------------------------------------------
[debug] [2022-04-26T17:44:28.808Z] Command:       /usr/local/bin/node /usr/local/bin/firebase init
[debug] [2022-04-26T17:44:28.810Z] CLI Version:   10.7.1
[debug] [2022-04-26T17:44:28.811Z] Platform:      linux
[debug] [2022-04-26T17:44:28.812Z] Node Version:  v16.14.2
[debug] [2022-04-26T17:44:28.814Z] Time:          Tue Apr 26 2022 23:14:28 GMT+0530 (India Standard Time)
[debug] [2022-04-26T17:44:28.815Z] ----------------------------------------------------------------------
[debug] 
[debug] [2022-04-26T17:44:28.844Z] > command requires scopes: ["email","openid","https://www.googleapis.com/auth/cloudplatformprojects.readonly","https://www.googleapis.com/auth/firebase","https://www.googleapis.com/auth/cloud-platform"]
[debug] [2022-04-26T17:44:28.846Z] > authorizing via signed-in user (nithinprasad548@gmail.com)
[info] 
     ######## #### ########  ######## ########     ###     ######  ########
     ##        ##  ##     ## ##       ##     ##  ##   ##  ##       ##
     ######    ##  ########  ######   ########  #########  ######  ######
     ##        ##  ##    ##  ##       ##     ## ##     ##       ## ##
     ##       #### ##     ## ######## ########  ##     ##  ######  ########

You're about to initialize a Firebase project in this directory:

  /home/nithin/Desktop/prr

[info] 
=== Project Setup
[info] 
[info] First, let's associate this project directory with a Firebase project.
[info] You can create multiple project aliases by running firebase use --add, 
[info] but for now we'll just set up a default project.
[info] 
[debug] [2022-04-26T17:44:39.751Z] >>> [apiv2][query] GET https://firebase.googleapis.com/v1beta1/projects pageSize=100
[debug] [2022-04-26T17:44:40.953Z] <<< [apiv2][status] GET https://firebase.googleapis.com/v1beta1/projects 200
[debug] [2022-04-26T17:44:40.954Z] <<< [apiv2][body] GET https://firebase.googleapis.com/v1beta1/projects [omitted]
[info] i  Using project prrtransglobal-7094f (prrtransglobal) 
[info] 
=== Hosting Setup
[info] 
[info] Your public directory is the folder (relative to your project directory) that
[info] will contain Hosting assets to be uploaded with firebase deploy. If you
[info] have a build process for your assets, use your build's output directory.
[info] 
[debug] [2022-04-26T17:45:07.673Z] >>> [apiv2][query] GET https://www.gstatic.com/firebasejs/releases.json [none]
[debug] [2022-04-26T17:45:07.855Z] <<< [apiv2][status] GET https://www.gstatic.com/firebasejs/releases.json 200
[debug] [2022-04-26T17:45:07.856Z] <<< [apiv2][body] GET https://www.gstatic.com/firebasejs/releases.json {"current":{"version":"9.6.11","browserURL":"https://www.gstatic.com/firebasejs/9.6.11/firebase.js","packageURL":"https://www.gstatic.com/firebasejs/9.6.11/firebase.tgz"},"live":{"version":"9.6","browserURL":"https://www.gstatic.com/firebasejs/live/9.6/firebase.js","packageURL":"https://www.gstatic.com/firebasejs/live/9.6/firebase.tgz"},"components":{"analytics":"https://www.gstatic.com/firebasejs/9.6.11/firebase-analytics.js","app":"https://www.gstatic.com/firebasejs/9.6.11/firebase-app.js","app-check":"https://www.gstatic.com/firebasejs/9.6.11/firebase-app-check.js","auth":"https://www.gstatic.com/firebasejs/9.6.11/firebase-auth.js","auth/cordova":"https://www.gstatic.com/firebasejs/9.6.11/firebase-auth/cordova.js","auth/react-native":"https://www.gstatic.com/firebasejs/9.6.11/firebase-auth/react-native.js","functions":"https://www.gstatic.com/firebasejs/9.6.11/firebase-functions.js","firestore":"https://www.gstatic.com/firebasejs/9.6.11/firebase-firestore.js","firestore/lite":"https://www.gstatic.com/firebasejs/9.6.11/firebase-firestore/lite.js","storage":"https://www.gstatic.com/firebasejs/9.6.11/firebase-storage.js","performance":"https://www.gstatic.com/firebasejs/9.6.11/firebase-performance.js","remote-config":"https://www.gstatic.com/firebasejs/9.6.11/firebase-remote-config.js","messaging":"https://www.gstatic.com/firebasejs/9.6.11/firebase-messaging.js","messaging/sw":"https://www.gstatic.com/firebasejs/9.6.11/firebase-messaging/sw.js","database":"https://www.gstatic.com/firebasejs/9.6.11/firebase-database.js","firestore.memory":"https://www.gstatic.com/firebasejs/9.6.11/firebase-firestore.memory.js"}}
[info] ✔  Wrote public/index.html 
[info] 
[info] i  Detected a .git folder at /home/nithin 
[info] i  Authorizing with GitHub to upload your service account to a GitHub repository's secrets store. 
[info] 
[info] Visit this URL on this device to log in:
[info] https://github.com/login/oauth/authorize?client_id=89cf50f02ac6aaed3484&state=91063198&redirect_uri=http%3A%2F%2Flocalhost%3A9005&scope=read%3Auser%20repo%20public_repo
[info] 
[info] Waiting for authentication...
[debug] [2022-04-26T17:45:09.805Z] >>> HTTP REQUEST POST https://github.com/login/oauth/access_token  
 {"client_id":"89cf50f02ac6aaed3484","client_secret":"3330d14abc895d9a74d5f17cd7a00711fa2c5bf0","code":"cfabf971cc1253df6aa6","redirect_uri":"http://localhost:9005","state":"91063198"}
[debug] [2022-04-26T17:45:10.367Z] <<< HTTP RESPONSE 200 {"server":"GitHub.com","date":"Tue, 26 Apr 2022 17:45:10 GMT","content-type":"application/json; charset=utf-8","transfer-encoding":"chunked","vary":"X-PJAX, X-PJAX-Container, Accept-Encoding, Accept, X-Requested-With","permissions-policy":"interest-cohort=()","etag":"W/\"520f2c0122ead7f611cdedc89942c854\"","cache-control":"max-age=0, private, must-revalidate","strict-transport-security":"max-age=31536000; includeSubdomains; preload","x-frame-options":"deny","x-content-type-options":"nosniff","x-xss-protection":"0","referrer-policy":"origin-when-cross-origin, strict-origin-when-cross-origin","expect-ct":"max-age=2592000, report-uri=\"https://api.github.com/_private/browser/errors\"","content-security-policy":"default-src 'none'; base-uri 'self'; block-all-mixed-content; child-src github.com/assets-cdn/worker/ gist.github.com/assets-cdn/worker/; connect-src 'self' uploads.github.com objects-origin.githubusercontent.com www.githubstatus.com collector.github.com raw.githubusercontent.com api.github.com github-cloud.s3.amazonaws.com github-production-repository-file-5c1aeb.s3.amazonaws.com github-production-upload-manifest-file-7fdce7.s3.amazonaws.com github-production-user-asset-6210df.s3.amazonaws.com cdn.optimizely.com logx.optimizely.com/v1/events translator.github.com *.actions.githubusercontent.com wss://*.actions.githubusercontent.com online.visualstudio.com/api/v1/locations github-production-repository-image-32fea6.s3.amazonaws.com github-production-release-asset-2e65be.s3.amazonaws.com insights.github.com wss://alive.github.com; font-src github.githubassets.com; form-action 'self' github.com gist.github.com objects-origin.githubusercontent.com; frame-ancestors 'none'; frame-src render.githubusercontent.com viewscreen.githubusercontent.com notebooks.githubusercontent.com; img-src 'self' data: github.githubassets.com identicons.github.com github-cloud.s3.amazonaws.com secured-user-images.githubusercontent.com/ *.githubusercontent.com; manifest-src 'self'; media-src github.com user-images.githubusercontent.com/; script-src github.githubassets.com; style-src 'unsafe-inline' github.githubassets.com; worker-src github.com/assets-cdn/worker/ gist.github.com/assets-cdn/worker/","x-github-request-id":"2E7C:3C95:AF5EC2:C63A81:62682FA5"}
[debug] [2022-04-26T17:45:10.461Z] >>> [apiv2][query] GET https://api.github.com/user [none]
[debug] [2022-04-26T17:45:11.011Z] <<< [apiv2][status] GET https://api.github.com/user 200
[debug] [2022-04-26T17:45:11.012Z] <<< [apiv2][body] GET https://api.github.com/user {"login":"nithinprasad","id":6171506,"node_id":"MDQ6VXNlcjYxNzE1MDY=","avatar_url":"https://avatars.githubusercontent.com/u/6171506?v=4","gravatar_id":"","url":"https://api.github.com/users/nithinprasad","html_url":"https://github.com/nithinprasad","followers_url":"https://api.github.com/users/nithinprasad/followers","following_url":"https://api.github.com/users/nithinprasad/following{/other_user}","gists_url":"https://api.github.com/users/nithinprasad/gists{/gist_id}","starred_url":"https://api.github.com/users/nithinprasad/starred{/owner}{/repo}","subscriptions_url":"https://api.github.com/users/nithinprasad/subscriptions","organizations_url":"https://api.github.com/users/nithinprasad/orgs","repos_url":"https://api.github.com/users/nithinprasad/repos","events_url":"https://api.github.com/users/nithinprasad/events{/privacy}","received_events_url":"https://api.github.com/users/nithinprasad/received_events","type":"User","site_admin":false,"name":"Nithin Prasad","company":"@TCS","blog":"https://thenithinprasad.com/","location":null,"email":"nithinprasad549@yahoo.com","hireable":true,"bio":"Enthusiastic and reliable Java Developer with a strong banking knowledge base. 6+ years of industry experience ","twitter_username":null,"public_repos":33,"public_gists":0,"followers":4,"following":7,"created_at":"2013-12-12T16:36:26Z","updated_at":"2022-03-14T18:32:48Z","private_gists":0,"total_private_repos":0,"owned_private_repos":0,"disk_usage":85201,"collaborators":0,"two_factor_authentication":false,"plan":{"name":"free","space":976562499,"collaborators":0,"private_repos":10000}}
[info] 
[info] ✔  Success! Logged into GitHub as nithinprasad 
[info] 
